<?xml version="1.0" encoding="UTF-8"?>
<!-- Generated by org.testng.reporters.JUnitReportReporter -->
<testsuite skipped="0" hostname="in04009" name="com.assign.qa.base.testcases.MainPageTests" tests="2" failures="0" timestamp="2021-07-28T21:24:59 IST" time="95.262" errors="0">
  <testcase name="verifyHomePageTitleTest" time="39.789" classname="com.assign.qa.base.testcases.MainPageTests"/>
  <system-out/>
  <testcase name="verifyDefaultTabSelected" time="55.473" classname="com.assign.qa.base.testcases.MainPageTests"/>
  <system-out/>
</testsuite> <!-- com.assign.qa.base.testcases.MainPageTests -->
