<?xml version="1.0" encoding="UTF-8"?>
<!-- Generated by org.testng.reporters.JUnitReportReporter -->
<testsuite hostname="DESKTOP-I0F3F42" failures="0" tests="5" name="com.assign.qa.prec.ParellelTests" time="0.058" errors="0" timestamp="2022-07-14T14:54:52 IST" skipped="0">
  <testcase classname="com.assign.qa.prec.ParellelTests" name="testFive" time="0.048"/>
  <system-out/>
  <testcase classname="com.assign.qa.prec.ParellelTests" name="testTwo" time="0.002"/>
  <system-out/>
  <testcase classname="com.assign.qa.prec.ParellelTests" name="testOne" time="0.003"/>
  <system-out/>
  <testcase classname="com.assign.qa.prec.ParellelTests" name="testFour" time="0.003"/>
  <system-out/>
  <testcase classname="com.assign.qa.prec.ParellelTests" name="testThree" time="0.002"/>
  <system-out/>
</testsuite> <!-- com.assign.qa.prec.ParellelTests -->
