<?xml version="1.0" encoding="UTF-8"?>
<!-- Generated by org.testng.reporters.JUnitReportReporter -->
<testsuite skipped="0" hostname="in04009" name="com.assign.qa.postreq.TestPostRequet" tests="2" failures="0" timestamp="2021-07-07T12:48:20 IST" time="4.311" errors="0">
  <testcase name="launchGet" time="3.466" classname="com.assign.qa.postreq.TestPostRequet"/>
  <system-out/>
  <testcase name="launchPost" time="0.845" classname="com.assign.qa.postreq.TestPostRequet"/>
  <system-out/>
</testsuite> <!-- com.assign.qa.postreq.TestPostRequet -->
