<?xml version="1.0" encoding="UTF-8"?>
<!-- Generated by org.testng.reporters.JUnitReportReporter -->
<testsuite skipped="0" hostname="in04009" name="com.assign.qa.base.testcases.MainPageTests" tests="2" failures="0" timestamp="2021-07-28T22:54:57 IST" time="85.269" errors="0">
  <testcase name="verifyHomePageTitleTest" time="37.309" classname="com.assign.qa.base.testcases.MainPageTests"/>
  <system-out/>
  <testcase name="verifyDefaultTabSelected" time="47.960" classname="com.assign.qa.base.testcases.MainPageTests"/>
  <system-out/>
</testsuite> <!-- com.assign.qa.base.testcases.MainPageTests -->
