<?xml version="1.0" encoding="UTF-8"?>
<!-- Generated by org.testng.reporters.JUnitReportReporter -->
<testsuite skipped="0" hostname="in04009" name="com.assign.qa.base.reruntests.FailedTestsExecuter" tests="1" failures="0" timestamp="2021-07-04T14:33:33 IST" time="3.806" errors="0">
  <testcase name="runFailedTests" time="3.806" classname="com.assign.qa.base.reruntests.FailedTestsExecuter"/>
  <system-out/>
</testsuite> <!-- com.assign.qa.base.reruntests.FailedTestsExecuter -->
