<?xml version="1.0" encoding="UTF-8"?>
<!-- Generated by org.testng.reporters.JUnitReportReporter -->
<testsuite skipped="0" hostname="in04009" name="com.assign.qa.base.testcases.MainPageTests" tests="3" failures="0" timestamp="2021-07-08T18:11:43 IST" time="28.432" errors="0">
  <testcase name="verifyHomePageTitleTest" time="5.428" classname="com.assign.qa.base.testcases.MainPageTests"/>
  <system-out/>
  <testcase name="verifyDataCreated" time="14.539" classname="com.assign.qa.base.testcases.MainPageTests"/>
  <system-out/>
  <testcase name="verifyDataClassification" time="8.465" classname="com.assign.qa.base.testcases.MainPageTests"/>
  <system-out/>
</testsuite> <!-- com.assign.qa.base.testcases.MainPageTests -->
