<?xml version="1.0" encoding="UTF-8"?>
<!-- Generated by org.testng.reporters.JUnitReportReporter -->
<testsuite skipped="0" hostname="in04009" name="com.assign.qa.base.testcases.MainPageTests" tests="3" failures="0" timestamp="2021-06-22T23:44:01 IST" time="37.531" errors="0">
  <testcase name="verifyHomePageTitleTest" time="17.072" classname="com.assign.qa.base.testcases.MainPageTests"/>
  <system-out/>
  <testcase name="verifyDataCreated" time="11.592" classname="com.assign.qa.base.testcases.MainPageTests"/>
  <system-out/>
  <testcase name="verifyDataClassification" time="8.867" classname="com.assign.qa.base.testcases.MainPageTests"/>
  <system-out/>
</testsuite> <!-- com.assign.qa.base.testcases.MainPageTests -->
